0 info it worked if it ends with ok
1 verbose cli [ 'C:\\Program Files\\nodejs\\node.exe',
1 verbose cli   'C:\\Program Files\\nodejs\\node_modules\\npm\\bin\\npm-cli.js',
1 verbose cli   'run',
1 verbose cli   'mongo' ]
2 info using npm@3.8.3
3 info using node@v5.10.0
4 verbose run-script [ 'premongo', 'mongo', 'postmongo' ]
5 info lifecycle atom@1.0.0~premongo: atom@1.0.0
6 silly lifecycle atom@1.0.0~premongo: no script for premongo, continuing
7 info lifecycle atom@1.0.0~mongo: atom@1.0.0
8 verbose lifecycle atom@1.0.0~mongo: unsafe-perm in lifecycle true
9 verbose lifecycle atom@1.0.0~mongo: PATH: C:\Program Files\nodejs\node_modules\npm\bin\node-gyp-bin;C:\Users\Yaroslav\Documents\Iot\projects\atom\node_modules\.bin;C:\Program Files\nodejs;C:\Users\Yaroslav\Programs\cmder\bin;C:\Program Files (x86)\Git\bin;C:\Program Files (x86)\Git\usr\bin;C:\Program Files (x86)\Git\share\vim\vim74;C:\Users\Yaroslav\Programs\cmder\vendor\conemu-maximus5;C:\Users\Yaroslav\Programs\cmder\vendor\conemu-maximus5\ConEmu;C:\Python27\;C:\Python27\Scripts;C:\ProgramData\Oracle\Java\javapath;C:\Program Files (x86)\NVIDIA Corporation\PhysX\Common;C:\Program Files (x86)\Intel\iCLS Client\;C:\Program Files\Intel\iCLS Client\;C:\WINDOWS\system32;C:\WINDOWS;C:\WINDOWS\System32\Wbem;C:\WINDOWS\System32\WindowsPowerShell\v1.0\;C:\Program Files\Intel\Intel(R) Management Engine Components\DAL;C:\Program Files\Intel\Intel(R) Management Engine Components\IPT;C:\Program Files (x86)\Intel\Intel(R) Management Engine Components\DAL;C:\Program Files (x86)\Intel\Intel(R) Management Engine Components\IPT;C:\Program Files (x86)\Intel\OpenCL SDK\2.0\bin\x86;C:\Program Files (x86)\Intel\OpenCL SDK\2.0\bin\x64;C:\Program Files\Intel\WiFi\bin\;C:\Program Files\Common Files\Intel\WirelessCommon\;C:\Program Files (x86)\Heroku\bin;C:\Program Files (x86)\git\cmd;C:\Program Files (x86)\Windows Kits\10\Windows Performance Toolkit\;c:\Program Files (x86)\Microsoft SQL Server\110\Tools\Binn\;c:\Program Files\Microsoft SQL Server\110\Tools\Binn\;c:\Program Files\Microsoft SQL Server\110\DTS\Binn\;c:\Program Files (x86)\Microsoft SQL Server\110\Tools\Binn\ManagementStudio\;c:\Program Files (x86)\Microsoft SQL Server\110\DTS\Binn\;C:\Program Files (x86)\Skype\Phone\;C:\Program Files\nodejs\;C:\Program Files\Microsoft SQL Server\130\Tools\Binn\;C:\Ruby22\bin;C:\Program Files\Java\jdk1.7.0_45\bin;C:\Program Files\MongoDB\Server\3.0\bin;C:\Program Files (x86)\Heroku\bin;C:\Program Files (x86)\Git\bin;C:\Users\Yaroslav\AppData\Local\.meteor\;C:\Users\Yaroslav\AppData\Local\atom\bin;C:\Users\Yaroslav\AppData\Local\nylas\bin;C:\Users\Yaroslav\AppData\Roaming\npm;C:\Program Files\nodejs\;C:\Users\Yaroslav\Programs\cmder
10 verbose lifecycle atom@1.0.0~mongo: CWD: C:\Users\Yaroslav\Documents\Iot\projects\atom
11 silly lifecycle atom@1.0.0~mongo: Args: [ '/d /s /c', 'mongod --config configdb.yaml' ]
12 silly lifecycle atom@1.0.0~mongo: Returned: code: 14  signal: null
13 info lifecycle atom@1.0.0~mongo: Failed to exec mongo script
14 verbose stack Error: atom@1.0.0 mongo: `mongod --config configdb.yaml`
14 verbose stack Exit status 14
14 verbose stack     at EventEmitter.<anonymous> (C:\Program Files\nodejs\node_modules\npm\lib\utils\lifecycle.js:239:16)
14 verbose stack     at emitTwo (events.js:100:13)
14 verbose stack     at EventEmitter.emit (events.js:185:7)
14 verbose stack     at ChildProcess.<anonymous> (C:\Program Files\nodejs\node_modules\npm\lib\utils\spawn.js:24:14)
14 verbose stack     at emitTwo (events.js:100:13)
14 verbose stack     at ChildProcess.emit (events.js:185:7)
14 verbose stack     at maybeClose (internal/child_process.js:850:16)
14 verbose stack     at Process.ChildProcess._handle.onexit (internal/child_process.js:215:5)
15 verbose pkgid atom@1.0.0
16 verbose cwd C:\Users\Yaroslav\Documents\Iot\projects\atom
17 error Windows_NT 10.0.10586
18 error argv "C:\\Program Files\\nodejs\\node.exe" "C:\\Program Files\\nodejs\\node_modules\\npm\\bin\\npm-cli.js" "run" "mongo"
19 error node v5.10.0
20 error npm  v3.8.3
21 error code ELIFECYCLE
22 error atom@1.0.0 mongo: `mongod --config configdb.yaml`
22 error Exit status 14
23 error Failed at the atom@1.0.0 mongo script 'mongod --config configdb.yaml'.
23 error Make sure you have the latest version of node.js and npm installed.
23 error If you do, this is most likely a problem with the atom package,
23 error not with npm itself.
23 error Tell the author that this fails on your system:
23 error     mongod --config configdb.yaml
23 error You can get information on how to open an issue for this project with:
23 error     npm bugs atom
23 error Or if that isn't available, you can get their info via:
23 error     npm owner ls atom
23 error There is likely additional logging output above.
24 verbose exit [ 1, true ]
